[0417/190504:ERROR:renderer_main.cc(200)] Running without renderer sandbox
[0417/190513:WARNING:web_contents_impl.cc(2883)] OnDidStartLoading was called twice.
[0417/190513:WARNING:web_contents_impl.cc(2920)] OnDidStopLoading was called twice.
[0417/190857:ERROR:renderer_main.cc(200)] Running without renderer sandbox
[0417/191000:ERROR:renderer_main.cc(200)] Running without renderer sandbox
[0417/191005:WARNING:web_contents_impl.cc(2883)] OnDidStartLoading was called twice.
[0417/191006:WARNING:web_contents_impl.cc(2920)] OnDidStopLoading was called twice.
[0417/223935:ERROR:renderer_main.cc(200)] Running without renderer sandbox
[0417/231132:ERROR:renderer_main.cc(200)] Running without renderer sandbox
[0417/231541:ERROR:renderer_main.cc(200)] Running without renderer sandbox
[0417/231555:WARNING:raw_channel_win.cc(473)] WriteFile: The pipe is being closed. (0xE8)
[0417/231820:ERROR:renderer_main.cc(200)] Running without renderer sandbox
[0417/232847:ERROR:renderer_main.cc(200)] Running without renderer sandbox
[0417/233226:ERROR:renderer_main.cc(200)] Running without renderer sandbox
[0417/233226:ERROR:renderer_main.cc(200)] Running without renderer sandbox
[0417/233312:ERROR:renderer_main.cc(200)] Running without renderer sandbox
[0417/233312:ERROR:renderer_main.cc(200)] Running without renderer sandbox
[0417/233617:ERROR:renderer_main.cc(200)] Running without renderer sandbox
[0417/233617:ERROR:renderer_main.cc(200)] Running without renderer sandbox
[0417/233628:WARNING:web_contents_impl.cc(2883)] OnDidStartLoading was called twice.
[0417/233629:WARNING:web_contents_impl.cc(2920)] OnDidStopLoading was called twice.
[0417/234000:ERROR:renderer_main.cc(200)] Running without renderer sandbox
[0417/234000:ERROR:renderer_main.cc(200)] Running without renderer sandbox
[0417/235132:ERROR:renderer_main.cc(200)] Running without renderer sandbox
[0417/235132:ERROR:renderer_main.cc(200)] Running without renderer sandbox
[0417/235251:ERROR:renderer_main.cc(200)] Running without renderer sandbox
[0417/235251:ERROR:renderer_main.cc(200)] Running without renderer sandbox
[0417/235253:WARNING:raw_channel_win.cc(473)] WriteFile: The pipe is being closed. (0xE8)
[0417/235253:WARNING:channel.cc(549)] Failed to send message to ack remove remote endpoint (local ID 2147483648, remote ID 2)
[0417/235307:ERROR:renderer_main.cc(200)] Running without renderer sandbox
[0417/235307:ERROR:renderer_main.cc(200)] Running without renderer sandbox
[0417/235350:WARNING:raw_channel_win.cc(473)] WriteFile: The pipe is being closed. (0xE8)
[0417/235350:WARNING:channel.cc(549)] Failed to send message to ack remove remote endpoint (local ID 1, remote ID 1)
[0417/235350:WARNING:channel.cc(315)] RawChannel write error
[0417/235430:ERROR:renderer_main.cc(200)] Running without renderer sandbox
[0417/235430:ERROR:renderer_main.cc(200)] Running without renderer sandbox
[0417/235531:ERROR:renderer_main.cc(200)] Running without renderer sandbox
[0417/235531:ERROR:renderer_main.cc(200)] Running without renderer sandbox
[0418/001114:ERROR:renderer_main.cc(200)] Running without renderer sandbox
[0418/001114:ERROR:renderer_main.cc(200)] Running without renderer sandbox
[0418/001249:ERROR:renderer_main.cc(200)] Running without renderer sandbox
[0418/001249:ERROR:renderer_main.cc(200)] Running without renderer sandbox
[0418/001307:WARNING:raw_channel_win.cc(473)] WriteFile: The pipe is being closed. (0xE8)
[0418/001308:WARNING:channel.cc(549)] Failed to send message to ack remove remote endpoint (local ID 2147483648, remote ID 2)
[0418/001338:ERROR:renderer_main.cc(200)] Running without renderer sandbox
[0418/001338:ERROR:renderer_main.cc(200)] Running without renderer sandbox
[0418/001504:WARNING:raw_channel_win.cc(473)] WriteFile: The pipe is being closed. (0xE8)
[0418/001504:WARNING:channel.cc(549)] Failed to send message to ack remove remote endpoint (local ID 2147483648, remote ID 2)
[0418/001504:WARNING:raw_channel_win.cc(473)] WriteFile: The pipe is being closed. (0xE8)
[0418/001610:ERROR:renderer_main.cc(200)] Running without renderer sandbox
[0418/001610:ERROR:renderer_main.cc(200)] Running without renderer sandbox
[0418/001725:ERROR:renderer_main.cc(200)] Running without renderer sandbox
[0418/001725:ERROR:renderer_main.cc(200)] Running without renderer sandbox
[0418/002127:ERROR:renderer_main.cc(200)] Running without renderer sandbox
[0418/002127:ERROR:renderer_main.cc(200)] Running without renderer sandbox
[0418/002341:ERROR:renderer_main.cc(200)] Running without renderer sandbox
[0418/002341:ERROR:renderer_main.cc(200)] Running without renderer sandbox
[0418/002441:ERROR:renderer_main.cc(200)] Running without renderer sandbox
[0418/002441:ERROR:renderer_main.cc(200)] Running without renderer sandbox
[0418/002446:WARNING:raw_channel_win.cc(473)] WriteFile: The pipe is being closed. (0xE8)
[0418/002446:WARNING:channel.cc(549)] Failed to send message to ack remove remote endpoint (local ID 2147483648, remote ID 2)
[0418/002507:ERROR:renderer_main.cc(200)] Running without renderer sandbox
[0418/002507:ERROR:renderer_main.cc(200)] Running without renderer sandbox
[0418/002945:ERROR:renderer_main.cc(200)] Running without renderer sandbox
[0418/002945:ERROR:renderer_main.cc(200)] Running without renderer sandbox
[0418/003214:ERROR:renderer_main.cc(200)] Running without renderer sandbox
[0418/003214:ERROR:renderer_main.cc(200)] Running without renderer sandbox
[0418/003908:ERROR:renderer_main.cc(200)] Running without renderer sandbox
[0418/003908:ERROR:renderer_main.cc(200)] Running without renderer sandbox
[0418/004035:ERROR:renderer_main.cc(200)] Running without renderer sandbox
[0418/004035:ERROR:renderer_main.cc(200)] Running without renderer sandbox
[0418/004301:ERROR:renderer_main.cc(200)] Running without renderer sandbox
[0418/004301:ERROR:renderer_main.cc(200)] Running without renderer sandbox
[0418/004424:WARNING:web_contents_impl.cc(2883)] OnDidStartLoading was called twice.
[0418/004425:WARNING:web_contents_impl.cc(2920)] OnDidStopLoading was called twice.
[0418/004551:ERROR:renderer_main.cc(200)] Running without renderer sandbox
[0418/004551:ERROR:renderer_main.cc(200)] Running without renderer sandbox
[0418/004652:WARNING:raw_channel_win.cc(473)] WriteFile: The pipe is being closed. (0xE8)
[0418/004652:WARNING:channel.cc(549)] Failed to send message to ack remove remote endpoint (local ID 2147483648, remote ID 2)
[0418/004704:ERROR:renderer_main.cc(200)] Running without renderer sandbox
[0418/004704:ERROR:renderer_main.cc(200)] Running without renderer sandbox
[0418/123906:ERROR:renderer_main.cc(200)] Running without renderer sandbox
[0418/123906:ERROR:renderer_main.cc(200)] Running without renderer sandbox
[0418/124133:ERROR:renderer_main.cc(200)] Running without renderer sandbox
[0418/124133:ERROR:renderer_main.cc(200)] Running without renderer sandbox
[0418/124212:ERROR:renderer_main.cc(200)] Running without renderer sandbox
[0418/124212:ERROR:renderer_main.cc(200)] Running without renderer sandbox
[0420/145609:ERROR:renderer_main.cc(200)] Running without renderer sandbox
[0420/145609:ERROR:renderer_main.cc(200)] Running without renderer sandbox
[0420/152626:ERROR:renderer_main.cc(200)] Running without renderer sandbox
[0420/152626:ERROR:renderer_main.cc(200)] Running without renderer sandbox
[0420/153814:WARNING:content_browser_client.cc(537)] No browser info matching frame process id 4 and routing id 1
[0420/153814:WARNING:content_browser_client.cc(537)] No browser info matching frame process id 4 and routing id 1
[0420/153814:WARNING:content_browser_client.cc(537)] No browser info matching frame process id 4 and routing id 1
[0420/153814:WARNING:content_browser_client.cc(537)] No browser info matching frame process id 4 and routing id 1
[0420/161601:ERROR:renderer_main.cc(200)] Running without renderer sandbox
[0420/161601:ERROR:renderer_main.cc(200)] Running without renderer sandbox
[0420/162252:ERROR:renderer_main.cc(200)] Running without renderer sandbox
[0420/162252:ERROR:renderer_main.cc(200)] Running without renderer sandbox
[0420/162258:WARNING:raw_channel_win.cc(473)] WriteFile: The pipe is being closed. (0xE8)
[0420/162258:WARNING:channel.cc(549)] Failed to send message to ack remove remote endpoint (local ID 1, remote ID 1)
[0420/162258:WARNING:channel.cc(315)] RawChannel write error
[0420/162653:ERROR:renderer_main.cc(200)] Running without renderer sandbox
[0420/162653:ERROR:renderer_main.cc(200)] Running without renderer sandbox
[0420/162758:ERROR:renderer_main.cc(200)] Running without renderer sandbox
[0420/162758:ERROR:renderer_main.cc(200)] Running without renderer sandbox
